{"uid":"571c6a9989483b91","name":"test_print13","fullName":"apiauto.test_doit5#test_print13","historyId":"5c84f781d22b7be0851bd3e9e748571e","time":{"start":1685195446533,"stop":1685195446539,"duration":6},"status":"failed","statusMessage":"AssertionError: assert 14 == 15","statusTrace":"def test_print13():\n        num = 14\n        logging.info('i am writing logs...')\n        logger.info('i am writing logs 2...')\n        printknow2()\n>       assert num == 15\nE       assert 14 == 15\n\napiauto\\test_doit5.py:18: AssertionError","flaky":false,"newFailed":false,"newBroken":false,"newPassed":false,"retriesCount":3,"retriesStatusChange":false,"beforeStages":[],"testStage":{"status":"failed","statusMessage":"AssertionError: assert 14 == 15","statusTrace":"def test_print13():\n        num = 14\n        logging.info('i am writing logs...')\n        logger.info('i am writing logs 2...')\n        printknow2()\n>       assert num == 15\nE       assert 14 == 15\n\napiauto\\test_doit5.py:18: AssertionError","steps":[],"attachments":[{"uid":"c4facf7891fdc314","name":"log","source":"c4facf7891fdc314.txt","type":"text/plain","size":495}],"parameters":[],"attachmentsCount":1,"shouldDisplayMessage":true,"stepsCount":0,"hasContent":true},"afterStages":[],"labels":[{"name":"parentSuite","value":"apiauto"},{"name":"suite","value":"test_doit5"},{"name":"host","value":"zhangtaopc"},{"name":"thread","value":"11624-MainThread"},{"name":"framework","value":"pytest"},{"name":"language","value":"cpython3"},{"name":"package","value":"apiauto.test_doit5"},{"name":"resultFormat","value":"allure2"}],"parameters":[],"links":[],"hidden":false,"retry":false,"extra":{"severity":"normal","retries":[{"uid":"4d360b16d149c8d8","status":"failed","statusDetails":"AssertionError: assert 14 == 15","time":{"start":1685195446513,"stop":1685195446513,"duration":0}},{"uid":"11fbb1a3efb14fdb","status":"failed","statusDetails":"AssertionError: assert 14 == 15","time":{"start":1685195446496,"stop":1685195446497,"duration":1}},{"uid":"88214595fec572eb","status":"failed","statusDetails":"AssertionError: assert 14 == 15","time":{"start":1685195446417,"stop":1685195446420,"duration":3}}],"categories":[{"name":"Product defects","matchedStatuses":[],"flaky":false}],"tags":[]},"source":"571c6a9989483b91.json","parameterValues":[]}